<?xml version="1.0" encoding="UTF-8"?>
<testng-results skipped="0" failed="1" total="1" passed="0">
  <reporter-output>
  </reporter-output>
  <suite name="Default suite" duration-ms="612" started-at="2019-05-25T12:14:06Z" finished-at="2019-05-25T12:14:06Z">
    <groups>
    </groups>
    <test name="Default test" duration-ms="612" started-at="2019-05-25T12:14:06Z" finished-at="2019-05-25T12:14:06Z">
      <class name="Sample.Selenium.Employee">
        <test-method status="FAIL" signature="createEmployee()[pri:0, instance:Sample.Selenium.Employee@7921b0a2]" name="createEmployee" duration-ms="595" started-at="2019-05-25T13:14:06Z" finished-at="2019-05-25T13:14:06Z">
          <exception class="java.lang.ClassCastException">
            <message>
              <![CDATA[io.restassured.internal.RequestSpecificationImpl cannot be cast to io.restassured.response.ResponseBodyExtractionOptions]]>
            </message>
            <full-stacktrace>
              <![CDATA[java.lang.ClassCastException: io.restassured.internal.RequestSpecificationImpl cannot be cast to io.restassured.response.ResponseBodyExtractionOptions
	at Sample.Selenium.Employee.createEmployee(Employee.java:43)
	at sun.reflect.NativeMethodAccessorImpl.invoke0(Native Method)
	at sun.reflect.NativeMethodAccessorImpl.invoke(Unknown Source)
	at sun.reflect.DelegatingMethodAccessorImpl.invoke(Unknown Source)
	at java.lang.reflect.Method.invoke(Unknown Source)
	at org.testng.internal.MethodInvocationHelper.invokeMethod(MethodInvocationHelper.java:80)
	at org.testng.internal.Invoker.invokeMethod(Invoker.java:714)
	at org.testng.internal.Invoker.invokeTestMethod(Invoker.java:901)
	at org.testng.internal.Invoker.invokeTestMethods(Invoker.java:1231)
	at org.testng.internal.TestMethodWorker.invokeTestMethods(TestMethodWorker.java:127)
	at org.testng.internal.TestMethodWorker.run(TestMethodWorker.java:111)
	at org.testng.TestRunner.privateRun(TestRunner.java:767)
	at org.testng.TestRunner.run(TestRunner.java:617)
	at org.testng.SuiteRunner.runTest(SuiteRunner.java:334)
	at org.testng.SuiteRunner.runSequentially(SuiteRunner.java:329)
	at org.testng.SuiteRunner.privateRun(SuiteRunner.java:291)
	at org.testng.SuiteRunner.run(SuiteRunner.java:240)
	at org.testng.SuiteRunnerWorker.runSuite(SuiteRunnerWorker.java:52)
	at org.testng.SuiteRunnerWorker.run(SuiteRunnerWorker.java:86)
	at org.testng.TestNG.runSuitesSequentially(TestNG.java:1198)
	at org.testng.TestNG.runSuitesLocally(TestNG.java:1123)
	at org.testng.TestNG.run(TestNG.java:1031)
	at org.testng.remote.AbstractRemoteTestNG.run(AbstractRemoteTestNG.java:115)
	at org.testng.remote.RemoteTestNG.initAndRun(RemoteTestNG.java:251)
	at org.testng.remote.RemoteTestNG.main(RemoteTestNG.java:77)
]]>
            </full-stacktrace>
          </exception> <!-- java.lang.ClassCastException -->
          <reporter-output>
          </reporter-output>
        </test-method> <!-- createEmployee -->
      </class> <!-- Sample.Selenium.Employee -->
    </test> <!-- Default test -->
  </suite> <!-- Default suite -->
</testng-results>
